<?xml version="1.0" encoding="UTF-8"?>
<testsuite name="BobTest" tests="25" skipped="24" failures="0" errors="0" timestamp="2026-04-22T11:38:57" hostname="EMP16-VHV2-msco" time="0.019">
  <properties/>
  <testcase name="shoutingWithSpecialCharacters" classname="BobTest" time="0.001">
    <skipped/>
  </testcase>
  <testcase name="statementContainingQuestionMark" classname="BobTest" time="0.0">
    <skipped/>
  </testcase>
  <testcase name="nonLettersWithQuestion" classname="BobTest" time="0.0">
    <skipped/>
  </testcase>
  <testcase name="nonQuestionEndingWithWhitespace" classname="BobTest" time="0.0">
    <skipped/>
  </testcase>
  <testcase name="askingANumericQuestion" classname="BobTest" time="0.0">
    <skipped/>
  </testcase>
  <testcase name="shoutingWithNoExclamationMark" classname="BobTest" time="0.0">
    <skipped/>
  </testcase>
  <testcase name="endingWithWhitespace" classname="BobTest" time="0.0">
    <skipped/>
  </testcase>
  <testcase name="prolongedSilence" classname="BobTest" time="0.0">
    <skipped/>
  </testcase>
  <testcase name="startingWithWhitespace" classname="BobTest" time="0.0">
    <skipped/>
  </testcase>
  <testcase name="alternateSilence" classname="BobTest" time="0.0">
    <skipped/>
  </testcase>
  <testcase name="talkingForcefully" classname="BobTest" time="0.0">
    <skipped/>
  </testcase>
  <testcase name="multipleLineQuestion" classname="BobTest" time="0.0">
    <skipped/>
  </testcase>
  <testcase name="prattlingOn" classname="BobTest" time="0.0">
    <skipped/>
  </testcase>
  <testcase name="shouting" classname="BobTest" time="0.0">
    <skipped/>
  </testcase>
  <testcase name="forcefulQuestion" classname="BobTest" time="0.0">
    <skipped/>
  </testcase>
  <testcase name="askingAQuestion" classname="BobTest" time="0.0">
    <skipped/>
  </testcase>
  <testcase name="otherWhitespace" classname="BobTest" time="0.0">
    <skipped/>
  </testcase>
  <testcase name="shoutingNumbers" classname="BobTest" time="0.0">
    <skipped/>
  </testcase>
  <testcase name="noLetters" classname="BobTest" time="0.0">
    <skipped/>
  </testcase>
  <testcase name="shoutingGibberish" classname="BobTest" time="0.0">
    <skipped/>
  </testcase>
  <testcase name="askingGibberish" classname="BobTest" time="0.0">
    <skipped/>
  </testcase>
  <testcase name="usingAcronymsInRegularSpeech" classname="BobTest" time="0.0">
    <skipped/>
  </testcase>
  <testcase name="statingSomething" classname="BobTest" time="0.016"/>
  <testcase name="silence" classname="BobTest" time="0.0">
    <skipped/>
  </testcase>
  <testcase name="questionWithNoLetters" classname="BobTest" time="0.0">
    <skipped/>
  </testcase>
  <system-out><![CDATA[]]></system-out>
  <system-err><![CDATA[]]></system-err>
</testsuite>
